<?xml version="1.0" encoding="UTF-8"?>
<!-- Generated by org.testng.reporters.JUnitXMLReporter -->
<testsuite hostname="bluepi-HP-EliteBook-840-G1" ignored="0" name="FirefoxTestCases" tests="2" failures="1" timestamp="18 Sep 2018 11:19:06 GMT" time="261.025" errors="0">
  <testcase name="homePageImageVerify" time="182.547" classname="com.abp_news.scripts.hometest"/>
  <testcase name="image" time="6.6" classname="com.abp_news.scripts.HindiHomeTest">
    <failure type="java.lang.AssertionError" message="expected [204] but found [190]">
      <![CDATA[java.lang.AssertionError: expected [204] but found [190]
at com.abp_news.pom.HindiHomePage.hindihomepageVerify(HindiHomePage.java:150)
at com.abp_news.scripts.HindiHomeTest.image(HindiHomeTest.java:21)
at java.util.concurrent.FutureTask.run(FutureTask.java:266)
at java.util.concurrent.ThreadPoolExecutor.runWorker(ThreadPoolExecutor.java:1149)
at java.util.concurrent.ThreadPoolExecutor$Worker.run(ThreadPoolExecutor.java:624)
at java.lang.Thread.run(Thread.java:748)
... Removed 22 stack frames]]>
    </failure>
  </testcase> <!-- image -->
</testsuite> <!-- FirefoxTestCases -->
