<?xml version="1.0" encoding="UTF-8"?>
<testng-results skipped="0" failed="0" ignored="0" total="1" passed="1">
  <reporter-output>
    <line>
      <![CDATA[WEB Browser launched]]>
    </line>
    <line>
      <![CDATA[Navigating to the url]]>
    </line>
    <line>
      <![CDATA[wait implimented]]>
    </line>
    <line>
      <![CDATA[Paga Title is------.Latest News, News Today, Breaking News, Live News Updates - ABP Live]]>
    </line>
    <line>
      <![CDATA[Logo is displayed]]>
    </line>
    <line>
      <![CDATA[Hindi link verified---->भारत]]>
    </line>
    <line>
      <![CDATA[Bangla Link Verified------>শিরোনাম]]>
    </line>
    <line>
      <![CDATA[Marathi Link Verified------>लाईव्ह अपडेट]]>
    </line>
    <line>
      <![CDATA[punjabi Link Verified------>ਭਾਰਤ]]>
    </line>
    <line>
      <![CDATA[Gujrati Link Verified------>ગુજરાત]]>
    </line>
    <line>
      <![CDATA[browsers closed]]>
    </line>
  </reporter-output>
  <suite name="Default suite" duration-ms="75692" started-at="2018-09-06T07:07:37Z" finished-at="2018-09-06T07:08:53Z">
    <groups>
    </groups>
    <test name="Default test" duration-ms="75692" started-at="2018-09-06T07:07:37Z" finished-at="2018-09-06T07:08:53Z">
      <class name="com.abp_news.scripts.hometest">
        <test-method status="PASS" signature="preCondition()[pri:0, instance:com.abp_news.scripts.hometest@17d0685f]" name="preCondition" is-config="true" duration-ms="24082" started-at="2018-09-06T07:07:37Z" finished-at="2018-09-06T07:08:01Z">
          <reporter-output>
            <line>
              <![CDATA[WEB Browser launched]]>
            </line>
            <line>
              <![CDATA[Navigating to the url]]>
            </line>
            <line>
              <![CDATA[wait implimented]]>
            </line>
            <line>
              <![CDATA[Paga Title is------.Latest News, News Today, Breaking News, Live News Updates - ABP Live]]>
            </line>
          </reporter-output>
        </test-method> <!-- preCondition -->
        <test-method status="PASS" signature="linkVerification()[pri:0, instance:com.abp_news.scripts.hometest@17d0685f]" name="linkVerification" duration-ms="51433" started-at="2018-09-06T07:08:01Z" finished-at="2018-09-06T07:08:52Z">
          <reporter-output>
            <line>
              <![CDATA[Logo is displayed]]>
            </line>
            <line>
              <![CDATA[Hindi link verified---->भारत]]>
            </line>
            <line>
              <![CDATA[Bangla Link Verified------>শিরোনাম]]>
            </line>
            <line>
              <![CDATA[Marathi Link Verified------>लाईव्ह अपडेट]]>
            </line>
            <line>
              <![CDATA[punjabi Link Verified------>ਭਾਰਤ]]>
            </line>
            <line>
              <![CDATA[Gujrati Link Verified------>ગુજરાત]]>
            </line>
          </reporter-output>
        </test-method> <!-- linkVerification -->
        <test-method status="PASS" signature="postCondition()[pri:0, instance:com.abp_news.scripts.hometest@17d0685f]" name="postCondition" is-config="true" duration-ms="120" started-at="2018-09-06T07:08:52Z" finished-at="2018-09-06T07:08:53Z">
          <reporter-output>
            <line>
              <![CDATA[browsers closed]]>
            </line>
          </reporter-output>
        </test-method> <!-- postCondition -->
      </class> <!-- com.abp_news.scripts.hometest -->
    </test> <!-- Default test -->
  </suite> <!-- Default suite -->
</testng-results>
